D:\PROJECT\COCOS2DX\LEGEND\PROJ.WIN32\DEBUG.WIN32\APPDELEGATE.OBJ
D:\PROJECT\COCOS2DX\LEGEND\PROJ.WIN32\DEBUG.WIN32\CCLUAENGINE.OBJ
D:\PROJECT\COCOS2DX\LEGEND\PROJ.WIN32\DEBUG.WIN32\COCOS2DXLUALOADER.OBJ
D:\PROJECT\COCOS2DX\LEGEND\PROJ.WIN32\DEBUG.WIN32\LUACOCOS2D.OBJ
D:\PROJECT\COCOS2DX\LEGEND\PROJ.WIN32\DEBUG.WIN32\GAMESCENE.OBJ
D:\PROJECT\COCOS2DX\LEGEND\PROJ.WIN32\DEBUG.WIN32\GAMESPRITE.OBJ
D:\PROJECT\COCOS2DX\LEGEND\PROJ.WIN32\DEBUG.WIN32\MAPLAYER.OBJ
D:\PROJECT\COCOS2DX\LEGEND\PROJ.WIN32\DEBUG.WIN32\PLAYINGSCENE.OBJ
D:\PROJECT\COCOS2DX\LEGEND\PROJ.WIN32\DEBUG.WIN32\TEXTURECACHE.OBJ
D:\PROJECT\COCOS2DX\LEGEND\PROJ.WIN32\DEBUG.WIN32\TILELAYER.OBJ
D:\PROJECT\COCOS2DX\LEGEND\PROJ.WIN32\DEBUG.WIN32\UTIL.OBJ
D:\PROJECT\COCOS2DX\LEGEND\PROJ.WIN32\DEBUG.WIN32\VFILE.OBJ
D:\PROJECT\COCOS2DX\LEGEND\PROJ.WIN32\DEBUG.WIN32\MAIN.OBJ
D:\PROJECT\COCOS2DX\LEGEND\PROJ.WIN32\DEBUG.WIN32\VC110.PDB
D:\PROJECT\COCOS2DX\LEGEND\PROJ.WIN32\DEBUG.WIN32\TOLUA_FIX.OBJ
D:\PROJECT\COCOS2DX\DEBUG.WIN32\LEGEND.WIN32.ILK
D:\PROJECT\COCOS2DX\DEBUG.WIN32\LEGEND.WIN32.EXE
D:\PROJECT\COCOS2DX\DEBUG.WIN32\LEGEND.WIN32.PDB
D:\PROJECT\COCOS2DX\LEGEND\PROJ.WIN32\DEBUG.WIN32\LEGEND.RES
D:\project\cocos2dx\legend\proj.win32\Debug.win32\AppDelegate.obj
D:\project\cocos2dx\legend\proj.win32\Debug.win32\CCLuaEngine.obj
D:\project\cocos2dx\legend\proj.win32\Debug.win32\Cocos2dxLuaLoader.obj
D:\project\cocos2dx\legend\proj.win32\Debug.win32\GameScene.obj
D:\project\cocos2dx\legend\proj.win32\Debug.win32\GameSprite.obj
D:\project\cocos2dx\legend\proj.win32\Debug.win32\LuaCocos2d.obj
D:\project\cocos2dx\legend\proj.win32\Debug.win32\main.obj
D:\project\cocos2dx\legend\proj.win32\Debug.win32\MapLayer.obj
D:\project\cocos2dx\legend\proj.win32\Debug.win32\PlayingScene.obj
D:\project\cocos2dx\legend\proj.win32\Debug.win32\TextureCache.obj
D:\project\cocos2dx\legend\proj.win32\Debug.win32\TileLayer.obj
D:\project\cocos2dx\legend\proj.win32\Debug.win32\tolua_fix.obj
D:\project\cocos2dx\legend\proj.win32\Debug.win32\Util.obj
D:\project\cocos2dx\legend\proj.win32\Debug.win32\VFile.obj
D:\project\cocos2dx\legend\proj.win32\Debug.win32\cl.command.1.tlog
D:\project\cocos2dx\legend\proj.win32\Debug.win32\CL.read.1.tlog
D:\project\cocos2dx\legend\proj.win32\Debug.win32\CL.write.1.tlog
D:\project\cocos2dx\legend\proj.win32\Debug.win32\link-cvtres.read.1.tlog
D:\project\cocos2dx\legend\proj.win32\Debug.win32\link-cvtres.write.1.tlog
D:\project\cocos2dx\legend\proj.win32\Debug.win32\link-rc.read.1.tlog
D:\project\cocos2dx\legend\proj.win32\Debug.win32\link-rc.write.1.tlog
D:\project\cocos2dx\legend\proj.win32\Debug.win32\link.command.1.tlog
D:\project\cocos2dx\legend\proj.win32\Debug.win32\link.read.1.tlog
D:\project\cocos2dx\legend\proj.win32\Debug.win32\link.write.1.tlog
D:\project\cocos2dx\legend\proj.win32\Debug.win32\rc.command.1.tlog
D:\project\cocos2dx\legend\proj.win32\Debug.win32\rc.read.1.tlog
D:\project\cocos2dx\legend\proj.win32\Debug.win32\rc.write.1.tlog
D:\project\cocos2dx\legend\proj.win32\Debug.win32\legend.res
D:\project\cocos2dx\legend\proj.win32\Debug.win32\vc110.idb
D:\project\cocos2dx\legend\proj.win32\Debug.win32\vc110.pdb
D:\project\cocos2dx\Debug.win32\legend.win32.pdb
D:\project\cocos2dx\Debug.win32\legend.win32.exe
D:\project\cocos2dx\Debug.win32\legend.win32.ilk
